<?xml version="1.0" encoding="UTF-8"?>
<!-- Generated by org.testng.reporters.JUnitReportReporter -->
<testsuite hostname="ShafiqRehman-MobileQA" failures="0" tests="4" name="Test.Iframe" time="124.006" errors="0" timestamp="2024-10-28T16:04:54 PKT" skipped="0">
  <testcase classname="Test.Iframe" name="testBrowser" time="55.141"/>
  <system-out/>
  <testcase classname="Test.Iframe" name="SearchToys" time="42.227"/>
  <system-out/>
  <testcase classname="Test.Iframe" name="AddProducts_to_Cart" time="2.447"/>
  <system-out/>
  <testcase classname="Test.Iframe" name="validatePrice" time="24.191"/>
  <system-out/>
</testsuite> <!-- Test.Iframe -->
